<?xml version="1.0" encoding="UTF-8"?>
<testsuite name="Access to the SauceDemo store" tests="5" skipped="0" failures="1" errors="0" timestamp="2025-11-24T20:55:15.002Z" hostname="DESKTOP-K64VVJ6" time="72.102">
  <properties/>
  <testcase name="Login successfully into SauceDemo" classname="Access to the SauceDemo store" time="13.201"/>
  <testcase name="Login failed with invalid credentials" classname="Access to the SauceDemo store" time="9.025"/>
  <testcase name="Add a product to the cart" classname="Access to the SauceDemo store" time="11.564"/>
  <testcase name="Remove a product from the cart" classname="Access to the SauceDemo store" time="14.132">
    <failure message="java.lang.AssertionError: &#10;Expected: an element that is clickable&#10;     but: no matching element found by [remove button in cart for product Sauce Labs Backpack located with: //*[@id='remove-sauce-labs-backpack']] was not clicked" type="java.lang.AssertionError">java.lang.AssertionError: 
Expected: an element that is clickable
     but: no matching element found by [remove button in cart for product Sauce Labs Backpack located with: //*[@id='remove-sauce-labs-backpack']] was not clicked
	at org.hamcrest.MatcherAssert.assertThat(MatcherAssert.java:20)
	at org.hamcrest.MatcherAssert.assertThat(MatcherAssert.java:8)
	at net.serenitybdd.screenplay.QuestionConsequence.evaluateFor(QuestionConsequence.java:49)
	at net.serenitybdd.screenplay.EventualConsequence.evaluateFor(EventualConsequence.java:59)
	at net.serenitybdd.screenplay.Actor.check(Actor.java:420)
	at net.serenitybdd.screenplay.Actor.should(Actor.java:392)
	at net.serenitybdd.screenplay.waits.WaitUntilBuilder$1.performAs(WaitUntilBuilder.java:29)
	at net.serenitybdd.screenplay.Actor.performTask(Actor.java:299)
	at net.serenitybdd.screenplay.Actor.perform(Actor.java:274)
	at net.serenitybdd.screenplay.Actor.performSilently(Actor.java:254)
	at net.serenitybdd.screenplay.Actor.attemptsTo(Actor.java:211)
	at net.serenitybdd.screenplay.Actor.attemptsTo(Actor.java:222)
	at com.saucedemo.certificacion.tienda.tasks.RemoveFromCart.performAs(RemoveFromCart.java:26)
	at com.saucedemo.certificacion.tienda.tasks.RemoveFromCart$ByteBuddy$1tu6pUqS.performAs$accessor$wPBNPSTx(Unknown Source)
	at java.base/jdk.internal.reflect.NativeMethodAccessorImpl.invoke0(Native Method)
	at java.base/jdk.internal.reflect.NativeMethodAccessorImpl.invoke(NativeMethodAccessorImpl.java:77)
	at java.base/jdk.internal.reflect.DelegatingMethodAccessorImpl.invoke(DelegatingMethodAccessorImpl.java:43)
	at java.base/java.lang.reflect.Method.invoke(Method.java:568)
	at net.thucydides.core.steps.StepInterceptor.invokeMethod(StepInterceptor.java:524)
	at net.thucydides.core.steps.StepInterceptor.executeTestStepMethod(StepInterceptor.java:504)
	at net.thucydides.core.steps.StepInterceptor.runTestStep(StepInterceptor.java:476)
	at net.thucydides.core.steps.StepInterceptor.runOrSkipMethod(StepInterceptor.java:218)
	at net.thucydides.core.steps.StepInterceptor.testStepResult(StepInterceptor.java:205)
	at net.thucydides.core.steps.StepInterceptor.intercept(StepInterceptor.java:93)
	at net.thucydides.core.steps.ProxyConfiguration$InterceptorDispatcher.intercept(ProxyConfiguration.java:51)
	at com.saucedemo.certificacion.tienda.tasks.RemoveFromCart$ByteBuddy$1tu6pUqS.performAs(Unknown Source)
	at net.serenitybdd.screenplay.Actor.performTask(Actor.java:299)
	at net.serenitybdd.screenplay.Actor.perform(Actor.java:274)
	at net.serenitybdd.screenplay.Actor.attemptsTo(Actor.java:215)
	at net.serenitybdd.screenplay.Actor.attemptsTo(Actor.java:222)
	at com.saucedemo.certificacion.tienda.stepdefinitions.StepDefinition.iRemoveTheProductFromTheCart(StepDefinition.java:82)
	at ✽.I remove the product &quot;Sauce Labs Backpack&quot; from the cart(file:///C:/Users/Administrador/IdeaProjects/automatizacion/src/test/resources/features/login_app.feature:32)
</failure>
  </testcase>
  <testcase name="Complete a purchase successfully" classname="Access to the SauceDemo store" time="24.179"/>
  <system-out><![CDATA[]]></system-out>
  <system-err><![CDATA[[Test worker] INFO  - 
  _____   ___   ___   _____     ___   _____     _     ___   _____   ___   ___  
 |_   _| | __| / __| |_   _|   / __| |_   _|   /_\   | _ \ |_   _| | __| |   \ 
   | |   | _|  \__ \   | |     \__ \   | |    / _ \  |   /   | |   | _|  | |) |
   |_|   |___| |___/   |_|     |___/   |_|   /_/ \_\ |_|_\   |_|   |___| |___/ 

Login successfully into SauceDemo(access-to-the-saucedemo-store;login-successfully-into-saucedemo)
--------------------------------------------------------------------------------
[Test worker] INFO net.serenitybdd.core.webdriver.driverproviders.ChromeDriverProvider - Starting Chrome driver instance with capabilities:
[Test worker] INFO net.serenitybdd.core.webdriver.driverproviders.ChromeDriverProvider - Capabilities {acceptInsecureCerts: true, browserName: chrome, goog:chromeOptions: {args: [--start-maximized, --test-type, --no-sandbox, --ignore-certificate-errors, \r\n                   --di..., --disable-default-apps, --disable-extensions-file-a..., \r\n                   --in..., --disable-infobars,--disabl..., --remote-allow-origins=*], extensions: []}}
nov. 24, 2025 3:55:17 P. M. org.openqa.selenium.devtools.CdpVersionFinder findNearestMatch
WARNING: Unable to find CDP implementation matching 142
nov. 24, 2025 3:55:17 P. M. org.openqa.selenium.chromium.ChromiumDriver lambda$new$5
WARNING: Unable to find version of CDP to use for 142.0.7444.176. You may need to include a dependency on a specific version of the CDP using something similar to `org.seleniumhq.selenium:selenium-devtools-v86:4.16.1` where the version ("v86") matches the version of the chromium-based browser you're using and the version number of the artifact is the same as Selenium's.
[Test worker] INFO  - ?[92m
  _____   ___   ___   _____     ___     _     ___   ___   ___   ___  
 |_   _| | __| / __| |_   _|   | _ \   /_\   / __| / __| | __| |   \ 
   | |   | _|  \__ \   | |     |  _/  / _ \  \__ \ \__ \ | _|  | |) |
   |_|   |___| |___/   |_|     |_|   /_/ \_\ |___/ |___/ |___| |___/ 

Login successfully into SauceDemo
----------------------------------------------------------------------?[0m
[Test worker] INFO  - 
  _____   ___   ___   _____     ___   _____     _     ___   _____   ___   ___  
 |_   _| | __| / __| |_   _|   / __| |_   _|   /_\   | _ \ |_   _| | __| |   \ 
   | |   | _|  \__ \   | |     \__ \   | |    / _ \  |   /   | |   | _|  | |) |
   |_|   |___| |___/   |_|     |___/   |_|   /_/ \_\ |_|_\   |_|   |___| |___/ 

Login failed with invalid credentials(access-to-the-saucedemo-store;login-failed-with-invalid-credentials)
--------------------------------------------------------------------------------
[Test worker] INFO  - ?[92m
  _____   ___   ___   _____     ___     _     ___   ___   ___   ___  
 |_   _| | __| / __| |_   _|   | _ \   /_\   / __| / __| | __| |   \ 
   | |   | _|  \__ \   | |     |  _/  / _ \  \__ \ \__ \ | _|  | |) |
   |_|   |___| |___/   |_|     |_|   /_/ \_\ |___/ |___/ |___| |___/ 

Login failed with invalid credentials
----------------------------------------------------------------------?[0m
[Test worker] INFO  - 
  _____   ___   ___   _____     ___   _____     _     ___   _____   ___   ___  
 |_   _| | __| / __| |_   _|   / __| |_   _|   /_\   | _ \ |_   _| | __| |   \ 
   | |   | _|  \__ \   | |     \__ \   | |    / _ \  |   /   | |   | _|  | |) |
   |_|   |___| |___/   |_|     |___/   |_|   /_/ \_\ |_|_\   |_|   |___| |___/ 

Add a product to the cart(access-to-the-saucedemo-store;add-a-product-to-the-cart)
--------------------------------------------------------------------------------
[Test worker] INFO  - ?[92m
  _____   ___   ___   _____     ___     _     ___   ___   ___   ___  
 |_   _| | __| / __| |_   _|   | _ \   /_\   / __| / __| | __| |   \ 
   | |   | _|  \__ \   | |     |  _/  / _ \  \__ \ \__ \ | _|  | |) |
   |_|   |___| |___/   |_|     |_|   /_/ \_\ |___/ |___/ |___| |___/ 

Add a product to the cart
----------------------------------------------------------------------?[0m
[Test worker] INFO  - 
  _____   ___   ___   _____     ___   _____     _     ___   _____   ___   ___  
 |_   _| | __| / __| |_   _|   / __| |_   _|   /_\   | _ \ |_   _| | __| |   \ 
   | |   | _|  \__ \   | |     \__ \   | |    / _ \  |   /   | |   | _|  | |) |
   |_|   |___| |___/   |_|     |___/   |_|   /_/ \_\ |_|_\   |_|   |___| |___/ 

Remove a product from the cart(access-to-the-saucedemo-store;remove-a-product-from-the-cart)
--------------------------------------------------------------------------------
[Test worker] ERROR  - ?[91m
  _____   ___   ___   _____     ___     _     ___   _      ___   ___  
 |_   _| | __| / __| |_   _|   | __|   /_\   |_ _| | |    | __| |   \ 
   | |   | _|  \__ \   | |     | _|   / _ \   | |  | |__  | _|  | |) |
   |_|   |___| |___/   |_|     |_|   /_/ \_\ |___| |____| |___| |___/ 

Remove a product from the cart
-----------------------------------------------------------------------?[0m
[Test worker] ERROR  - ?[91m    Test failed at step: User remove from cart?[0m
[Test worker] ERROR  - ?[91m    Expected: an element that is clickable but: no matching element found by [remove button in cart for product Sauce Labs Backpack located with: //*[@id='remove-sauce-labs-backpack']] was not clicked?[0m
[Test worker] INFO  - 
  _____   ___   ___   _____     ___   _____     _     ___   _____   ___   ___  
 |_   _| | __| / __| |_   _|   / __| |_   _|   /_\   | _ \ |_   _| | __| |   \ 
   | |   | _|  \__ \   | |     \__ \   | |    / _ \  |   /   | |   | _|  | |) |
   |_|   |___| |___/   |_|     |___/   |_|   /_/ \_\ |_|_\   |_|   |___| |___/ 

Complete a purchase successfully(access-to-the-saucedemo-store;complete-a-purchase-successfully)
--------------------------------------------------------------------------------
[Test worker] INFO  - ?[92m
  _____   ___   ___   _____     ___     _     ___   ___   ___   ___  
 |_   _| | __| / __| |_   _|   | _ \   /_\   / __| / __| | __| |   \ 
   | |   | _|  \__ \   | |     |  _/  / _ \  \__ \ \__ \ | _|  | |) |
   |_|   |___| |___/   |_|     |_|   /_/ \_\ |___/ |___/ |___| |___/ 

Complete a purchase successfully
----------------------------------------------------------------------?[0m
]]></system-err>
</testsuite>
