{"name":"Remove a product from the cart","id":"access-to-the-saucedemo-store;remove-a-product-from-the-cart","scenarioId":"login_app:Remove a product from the cart","methodName":"Remove a product from the cart","testSteps":[{"number":1,"description":"Given I am logged into SauceDemo with the product \"Sauce Labs Backpack\" in the cart","duration":0,"startTime":"2025-11-24T04:26:45.511451600-05:00[America/Bogota]","precondition":false,"level":0,"children":[{"number":2,"description":"User opens the browser at https://www.saucedemo.com/","duration":33,"startTime":"2025-11-24T04:26:45.516955500-05:00[America/Bogota]","result":"SUCCESS","precondition":false,"level":1},{"number":3,"description":"User enters \u0027standard_user\u0027 into username field","duration":73,"startTime":"2025-11-24T04:26:46.556616700-05:00[America/Bogota]","result":"SUCCESS","precondition":false,"level":1},{"number":4,"description":"User enters \u0027secret_sauce\u0027 into password field","duration":61,"startTime":"2025-11-24T04:26:47.642596800-05:00[America/Bogota]","result":"SUCCESS","precondition":false,"level":1},{"number":5,"description":"User clicks on login button","duration":77,"startTime":"2025-11-24T04:26:48.711428100-05:00[America/Bogota]","result":"SUCCESS","precondition":false,"level":1},{"number":6,"description":"User adds the product Sauce Labs Backpack","duration":0,"startTime":"2025-11-24T04:26:49.806616800-05:00[America/Bogota]","precondition":false,"level":1,"children":[{"number":7,"description":"User clicks on add to cart button","duration":6658,"startTime":"2025-11-24T04:26:49.808621300-05:00[America/Bogota]","screenshots":[{"screenshot":"98784894a4ad9256ae86be2d346ee5f93fc95c46d7fd292e2f18139f76ca9875.png","htmlSource":"pagesource12942855656369557705.html","timeStamp":1763976416464,"screenshotName":"98784894a4ad9256ae86be2d346ee5f93fc95c46d7fd292e2f18139f76ca9875.png"}],"exception":{"errorType":"net.thucydides.core.webdriver.exceptions.ElementShouldBePresentException","message":"Expected condition failed: waiting for By.xpath: //div[@class\u003d\u0027inventory_item\u0027][.//div[text()\u003d\u0027Sauce Labs Backpack\u0027]]//button[contains(text(),\u0027Add to cart\u0027)] to be present (tried for 5 second(s) with 100 milliseconds interval)\nBuild info: version: \u00274.16.1\u0027, revision: \u00279b4c83354e\u0027\nSystem info: os.name: \u0027Windows 11\u0027, os.arch: \u0027amd64\u0027, os.version: \u002710.0\u0027, java.version: \u002717.0.12\u0027\nDriver info: driver.version: unknown","stackTrace":[{"declaringClass":"com.saucedemo.certificacion.tienda.stepdefinitions.StepDefinition","methodName":"iAmLoggedIntoSauceDemoWithProductInCart","fileName":"StepDefinition.java","lineNumber":48},{"declaringClass":"worker.org.gradle.process.internal.worker.GradleWorkerMain","methodName":"run","fileName":"GradleWorkerMain.java","lineNumber":69},{"declaringClass":"worker.org.gradle.process.internal.worker.GradleWorkerMain","methodName":"main","fileName":"GradleWorkerMain.java","lineNumber":74}],"rootCause":{"errorType":"org.openqa.selenium.TimeoutException","message":"Expected condition failed: waiting for By.xpath: //div[@class\u003d\u0027inventory_item\u0027][.//div[text()\u003d\u0027Sauce Labs Backpack\u0027]]//button[contains(text(),\u0027Add to cart\u0027)] to be present (tried for 5 second(s) with 100 milliseconds interval)\nBuild info: version: \u00274.16.1\u0027, revision: \u00279b4c83354e\u0027\nSystem info: os.name: \u0027Windows 11\u0027, os.arch: \u0027amd64\u0027, os.version: \u002710.0\u0027, java.version: \u002717.0.12\u0027\nDriver info: driver.version: unknown","stackTrace":[{"declaringClass":"com.saucedemo.certificacion.tienda.stepdefinitions.StepDefinition","methodName":"iAmLoggedIntoSauceDemoWithProductInCart","fileName":"StepDefinition.java","lineNumber":48},{"declaringClass":"worker.org.gradle.process.internal.worker.GradleWorkerMain","methodName":"run","fileName":"GradleWorkerMain.java","lineNumber":69},{"declaringClass":"worker.org.gradle.process.internal.worker.GradleWorkerMain","methodName":"main","fileName":"GradleWorkerMain.java","lineNumber":74}]}},"result":"FAILURE","precondition":false,"level":2},{"number":8,"description":"When I remove the product \"Sauce Labs Backpack\" from the cart","duration":0,"startTime":"2025-11-24T04:26:56.486694100-05:00[America/Bogota]","result":"SKIPPED","precondition":false,"level":2},{"number":9,"description":"Then I should not see the product \"Sauce Labs Backpack\" in the cart","duration":0,"startTime":"2025-11-24T04:26:56.489699800-05:00[America/Bogota]","result":"SKIPPED","precondition":false,"level":2}]}]}],"userStory":{"id":"login_app","storyName":"Access to the SauceDemo store","displayName":"Access to the SauceDemo store","path":"login_app","pathElements":[{"name":"login_app","description":""}],"narrative":"  As a client\n  I want to log into SauceDemo\n  So I can buy products from the catalog","type":"feature"},"title":"Remove a product from the cart","description":"","tags":[{"name":"Chrome","type":"context","displayName":"Chrome"},{"name":"Windows","type":"context","displayName":"Windows"},{"name":"Chrome, Windows","type":"context","displayName":"Chrome, Windows"}],"startTime":"2025-11-24T04:26:45.509450400-05:00[America/Bogota]","duration":39,"testFailureCause":{"errorType":"net.thucydides.core.webdriver.exceptions.ElementShouldBePresentException","message":"Expected condition failed: waiting for By.xpath: //div[@class\u003d\u0027inventory_item\u0027][.//div[text()\u003d\u0027Sauce Labs Backpack\u0027]]//button[contains(text(),\u0027Add to cart\u0027)] to be present (tried for 5 second(s) with 100 milliseconds interval)\nBuild info: version: \u00274.16.1\u0027, revision: \u00279b4c83354e\u0027\nSystem info: os.name: \u0027Windows 11\u0027, os.arch: \u0027amd64\u0027, os.version: \u002710.0\u0027, java.version: \u002717.0.12\u0027\nDriver info: driver.version: unknown","stackTrace":[{"declaringClass":"com.saucedemo.certificacion.tienda.stepdefinitions.StepDefinition","methodName":"iAmLoggedIntoSauceDemoWithProductInCart","fileName":"StepDefinition.java","lineNumber":48},{"declaringClass":"worker.org.gradle.process.internal.worker.GradleWorkerMain","methodName":"run","fileName":"GradleWorkerMain.java","lineNumber":69},{"declaringClass":"worker.org.gradle.process.internal.worker.GradleWorkerMain","methodName":"main","fileName":"GradleWorkerMain.java","lineNumber":74}],"rootCause":{"errorType":"org.openqa.selenium.TimeoutException","message":"Expected condition failed: waiting for By.xpath: //div[@class\u003d\u0027inventory_item\u0027][.//div[text()\u003d\u0027Sauce Labs Backpack\u0027]]//button[contains(text(),\u0027Add to cart\u0027)] to be present (tried for 5 second(s) with 100 milliseconds interval)\nBuild info: version: \u00274.16.1\u0027, revision: \u00279b4c83354e\u0027\nSystem info: os.name: \u0027Windows 11\u0027, os.arch: \u0027amd64\u0027, os.version: \u002710.0\u0027, java.version: \u002717.0.12\u0027\nDriver info: driver.version: unknown","stackTrace":[{"declaringClass":"com.saucedemo.certificacion.tienda.stepdefinitions.StepDefinition","methodName":"iAmLoggedIntoSauceDemoWithProductInCart","fileName":"StepDefinition.java","lineNumber":48},{"declaringClass":"worker.org.gradle.process.internal.worker.GradleWorkerMain","methodName":"run","fileName":"GradleWorkerMain.java","lineNumber":69},{"declaringClass":"worker.org.gradle.process.internal.worker.GradleWorkerMain","methodName":"main","fileName":"GradleWorkerMain.java","lineNumber":74}]}},"testFailureClassname":"net.thucydides.core.webdriver.exceptions.ElementShouldBePresentException","testFailureMessage":"Expected condition failed: waiting for By.xpath: //div[@class\u003d\u0027inventory_item\u0027][.//div[text()\u003d\u0027Sauce Labs Backpack\u0027]]//button[contains(text(),\u0027Add to cart\u0027)] to be present (tried for 5 second(s) with 100 milliseconds interval)\nBuild info: version: \u00274.16.1\u0027, revision: \u00279b4c83354e\u0027\nSystem info: os.name: \u0027Windows 11\u0027, os.arch: \u0027amd64\u0027, os.version: \u002710.0\u0027, java.version: \u002717.0.12\u0027\nDriver info: driver.version: unknown","testFailureSummary":"FAILURE;net.thucydides.core.webdriver.exceptions.ElementShouldBePresentException;Expected condition failed: waiting for By.xpath: //div[@class\u003d\u0027inventory_item\u0027][.//div[text()\u003d\u0027Sauce Labs Backpack\u0027]]//button[contains(text(),\u0027Add to cart\u0027)] to be present (tried for 5 second(s) with 100 milliseconds interval)\nBuild info: version: \u00274.16.1\u0027, revision: \u00279b4c83354e\u0027\nSystem info: os.name: \u0027Windows 11\u0027, os.arch: \u0027amd64\u0027, os.version: \u002710.0\u0027, java.version: \u002717.0.12\u0027\nDriver info: driver.version: unknown;StepDefinition.java","projectKey":"","annotatedResult":"FAILURE","sessionId":"d40cfc6570c31f0b514a6975c1087d55","driver":"chrome:user","isManualTestingUpToDate":false,"context":"chrome,windows","manual":false,"testSource":"Cucumber","actors":[{"name":"User","can":["browse the web"]}],"order":0,"result":"FAILURE"}