<?xml version="1.0" encoding="UTF-8" standalone="no"?><testsuite errors="0" failures="1" name="Access to the SauceDemo store" skipped="0" tests="4" time="2.36" timestamp="2025-11-24 04:26:15"><testcase name="Login successfully into SauceDemo"/><testcase name="Login failed with invalid credentials"/><testcase name="Add a product to the cart"/><testcase name="Remove a product from the cart"><failure message="Expected condition failed: waiting for By.xpath: //div[@class='inventory_item'][.//div[text()='Sauce Labs Backpack']]//button[contains(text(),'Add to cart')] to be present (tried for 5 second(s) with 100 milliseconds interval)&#10;Build info: version: '4.16.1', revision: '9b4c83354e'&#10;System info: os.name: 'Windows 11', os.arch: 'amd64', os.version: '10.0', java.version: '17.0.12'&#10;Driver info: driver.version: unknown" type="net.thucydides.core.webdriver.exceptions.ElementShouldBePresentException">Expected condition failed: waiting for By.xpath: //div[@class='inventory_item'][.//div[text()='Sauce Labs Backpack']]//button[contains(text(),'Add to cart')] to be present (tried for 5 second(s) with 100 milliseconds interval)
Build info: version: '4.16.1', revision: '9b4c83354e'
System info: os.name: 'Windows 11', os.arch: 'amd64', os.version: '10.0', java.version: '17.0.12'
Driver info: driver.version: unknown</failure><system-err>Expected condition failed: waiting for By.xpath: //div[@class='inventory_item'][.//div[text()='Sauce Labs Backpack']]//button[contains(text(),'Add to cart')] to be present (tried for 5 second(s) with 100 milliseconds interval)
Build info: version: '4.16.1', revision: '9b4c83354e'
System info: os.name: 'Windows 11', os.arch: 'amd64', os.version: '10.0', java.version: '17.0.12'
Driver info: driver.version: unknown&#13;
com.saucedemo.certificacion.tienda.stepdefinitions.StepDefinition.iAmLoggedIntoSauceDemoWithProductInCart(StepDefinition.java:48)&#13;
worker.org.gradle.process.internal.worker.GradleWorkerMain.run(GradleWorkerMain.java:69)&#13;
worker.org.gradle.process.internal.worker.GradleWorkerMain.main(GradleWorkerMain.java:74)&#13;
</system-err></testcase></testsuite>