<?xml version="1.0" encoding="UTF-8" standalone="no"?><testsuite errors="0" failures="1" name="Access to the SauceDemo store" skipped="0" tests="5" time="3.88" timestamp="2025-11-24 03:55:15"><testcase name="Login successfully into SauceDemo"/><testcase name="Login failed with invalid credentials"/><testcase name="Add a product to the cart"/><testcase name="Remove a product from the cart"><failure message="&#10;Expected: an element that is clickable&#10;     but: no matching element found by [remove button in cart for product Sauce Labs Backpack located with: //*[@id='remove-sauce-labs-backpack']] was not clicked" type="java.lang.AssertionError">
Expected: an element that is clickable
     but: no matching element found by [remove button in cart for product Sauce Labs Backpack located with: //*[@id='remove-sauce-labs-backpack']] was not clicked</failure><system-err>
Expected: an element that is clickable
     but: no matching element found by [remove button in cart for product Sauce Labs Backpack located with: //*[@id='remove-sauce-labs-backpack']] was not clicked&#13;
com.saucedemo.certificacion.tienda.tasks.RemoveFromCart.performAs(RemoveFromCart.java:26)&#13;
com.saucedemo.certificacion.tienda.stepdefinitions.StepDefinition.iRemoveTheProductFromTheCart(StepDefinition.java:82)&#13;
worker.org.gradle.process.internal.worker.GradleWorkerMain.run(GradleWorkerMain.java:69)&#13;
worker.org.gradle.process.internal.worker.GradleWorkerMain.main(GradleWorkerMain.java:74)&#13;
</system-err></testcase><testcase name="Complete a purchase successfully"/></testsuite>